2011-12-12 08:33:33 Notice: Notice (8): Undefined variable: variacao_id in [/home/osmaralves/Work/sites/b3net/valeatacado/views/elements/produtos/indicar.ctp, line 3]
2011-12-12 08:34:39 Notice: Notice (8): Trying to get property of non-object in [/home/osmaralves/Work/sites/b3net/valeatacado/views/elements/produtos/indicar.ctp, line 7]
2011-12-12 11:23:32 Notice: Notice (8): Undefined index: preco in [/home/osmaralves/Work/sites/b3net/valeatacado/views/carrinho/index.ctp, line 86]
2011-12-12 11:25:04 Notice: Notice (8): Undefined index: preco in [/home/osmaralves/Work/sites/b3net/valeatacado/views/carrinho/index.ctp, line 86]
2011-12-12 11:25:33 Notice: Notice (8): Undefined index: Produto in [/home/osmaralves/Work/sites/b3net/valeatacado/views/carrinho/index.ctp, line 86]
2011-12-12 12:11:03 Notice: Notice (8): Undefined variable: produtosDestaque in [/home/osmaralves/Work/sites/b3net/valeatacado/views/elements/produtos-home.ctp, line 3]
2011-12-12 12:14:38 Notice: Notice (8): Undefined property: View::$Paginator in [/home/osmaralves/Work/sites/b3net/valeatacado/views/elements/produtos-list.ctp, line 33]
2011-12-12 12:14:43 Notice: Notice (8): Undefined property: View::$Paginator in [/home/osmaralves/Work/sites/b3net/valeatacado/views/elements/produtos-list.ctp, line 33]
2011-12-12 12:14:44 Notice: Notice (8): Undefined property: View::$Paginator in [/home/osmaralves/Work/sites/b3net/valeatacado/views/elements/produtos-list.ctp, line 33]
2011-12-12 12:14:45 Notice: Notice (8): Undefined property: View::$Paginator in [/home/osmaralves/Work/sites/b3net/valeatacado/views/elements/produtos-list.ctp, line 33]
2011-12-12 12:14:45 Notice: Notice (8): Undefined property: View::$Paginator in [/home/osmaralves/Work/sites/b3net/valeatacado/views/elements/produtos-list.ctp, line 33]
2011-12-12 12:14:45 Notice: Notice (8): Undefined property: View::$Paginator in [/home/osmaralves/Work/sites/b3net/valeatacado/views/elements/produtos-list.ctp, line 33]
2011-12-12 12:14:47 Notice: Notice (8): Undefined property: View::$Paginator in [/home/osmaralves/Work/sites/b3net/valeatacado/views/elements/produtos-list.ctp, line 33]
2011-12-12 12:14:53 Notice: Notice (8): Undefined property: View::$Paginator in [/home/osmaralves/Work/sites/b3net/valeatacado/views/elements/produtos-list.ctp, line 33]
2011-12-12 12:14:54 Notice: Notice (8): Undefined property: View::$Paginator in [/home/osmaralves/Work/sites/b3net/valeatacado/views/elements/produtos-list.ctp, line 33]
2011-12-12 12:14:55 Notice: Notice (8): Undefined property: View::$Paginator in [/home/osmaralves/Work/sites/b3net/valeatacado/views/elements/produtos-list.ctp, line 33]
2011-12-12 12:14:55 Notice: Notice (8): Undefined property: View::$Paginator in [/home/osmaralves/Work/sites/b3net/valeatacado/views/elements/produtos-list.ctp, line 33]
2011-12-12 12:15:02 Notice: Notice (8): Undefined property: View::$Paginator in [/home/osmaralves/Work/sites/b3net/valeatacado/views/elements/produtos-list.ctp, line 33]
2011-12-12 12:15:31 Notice: Notice (8): Undefined property: View::$Paginator in [/home/osmaralves/Work/sites/b3net/valeatacado/views/elements/produtos-list.ctp, line 33]
2011-12-12 12:15:32 Notice: Notice (8): Undefined property: View::$Paginator in [/home/osmaralves/Work/sites/b3net/valeatacado/views/elements/produtos-list.ctp, line 33]
2011-12-12 12:15:32 Notice: Notice (8): Undefined property: View::$Paginator in [/home/osmaralves/Work/sites/b3net/valeatacado/views/elements/produtos-list.ctp, line 33]
2011-12-12 12:15:32 Notice: Notice (8): Undefined property: View::$Paginator in [/home/osmaralves/Work/sites/b3net/valeatacado/views/elements/produtos-list.ctp, line 33]
2011-12-12 12:15:33 Notice: Notice (8): Undefined property: View::$Paginator in [/home/osmaralves/Work/sites/b3net/valeatacado/views/elements/produtos-list.ctp, line 33]
2011-12-12 12:15:33 Notice: Notice (8): Undefined property: View::$Paginator in [/home/osmaralves/Work/sites/b3net/valeatacado/views/elements/produtos-list.ctp, line 33]
2011-12-12 12:15:54 Notice: Notice (8): Undefined property: View::$Paginator in [/home/osmaralves/Work/sites/b3net/valeatacado/views/elements/produtos-list.ctp, line 33]
2011-12-12 12:16:13 Notice: Notice (8): Undefined variable: produtosDestaque in [/home/osmaralves/Work/sites/b3net/valeatacado/views/elements/produtos-home.ctp, line 3]
2011-12-12 12:16:16 Notice: Notice (8): Undefined variable: produtosDestaque in [/home/osmaralves/Work/sites/b3net/valeatacado/views/elements/produtos-home.ctp, line 3]
2011-12-12 15:47:31 Notice: Notice (8): session_start() [http://php.net/function.session-start]: ps_files_cleanup_dir: opendir(/var/lib/php5) failed: Permission denied (13) in [/home/osmaralves/Work/sites/b3net/valeatacado/core/cake/libs/cake_session.php, line 587]
2011-12-14 14:27:17 Notice: Notice (8): Undefined property: View::$Categorias in [/home/osmaralves/Work/sites/b3net/valeatacado/views/elements/produtos/item.ctp, line 50]
2011-12-14 14:27:19 Notice: Notice (8): Undefined property: View::$Categorias in [/home/osmaralves/Work/sites/b3net/valeatacado/views/elements/produtos/item.ctp, line 50]
2011-12-16 09:39:18 Notice: Notice (8): Undefined index: controller in [/home/osmaralves/Work/sites/b3net/casadacaldeira/views/layouts/default.ctp, line 47]
2011-12-16 09:39:18 Notice: Notice (8): Undefined index: action in [/home/osmaralves/Work/sites/b3net/casadacaldeira/views/layouts/default.ctp, line 47]
2011-12-16 09:39:18 Notice: Notice (8): Undefined index: action in [/home/osmaralves/Work/sites/b3net/casadacaldeira/views/layouts/default.ctp, line 48]
2011-12-16 09:39:18 Notice: Notice (8): Undefined index: controller in [/home/osmaralves/Work/sites/b3net/casadacaldeira/views/elements/menu.ctp, line 36]
2011-12-16 09:39:18 Notice: Notice (8): Undefined index: controller in [/home/osmaralves/Work/sites/b3net/casadacaldeira/views/elements/menu.ctp, line 39]
2011-12-16 09:39:18 Notice: Notice (8): Undefined index: controller in [/home/osmaralves/Work/sites/b3net/casadacaldeira/views/layouts/default.ctp, line 89]
2011-12-16 09:39:18 Notice: Notice (8): Undefined index: controller in [/home/osmaralves/Work/sites/b3net/casadacaldeira/views/layouts/default.ctp, line 90]
2011-12-16 10:46:41 Notice: Notice (8): Constant UPLOADS_PATH_MARCAS already defined in [/home/osmaralves/Work/sites/b3net/casadacaldeira/config/core.php, line 4]
2011-12-16 10:46:41 Notice: Notice (8): Constant UPLOADS_PATH_NOTICIAS already defined in [/home/osmaralves/Work/sites/b3net/casadacaldeira/config/core.php, line 5]
2011-12-16 10:46:41 Notice: Notice (8): Constant UPLOADS_PATH_PRODUTOS already defined in [/home/osmaralves/Work/sites/b3net/casadacaldeira/config/core.php, line 6]
2011-12-16 10:46:41 Notice: Notice (8): Constant UPLOADS_PATH_PROP_VAR already defined in [/home/osmaralves/Work/sites/b3net/casadacaldeira/config/core.php, line 7]
2011-12-16 10:46:41 Notice: Notice (8): Constant UPLOADS_PATH_MARCAS already defined in [/home/osmaralves/Work/sites/b3net/casadacaldeira/config/core.php, line 4]
2011-12-16 10:46:41 Notice: Notice (8): Constant UPLOADS_PATH_MARCAS already defined in [/home/osmaralves/Work/sites/b3net/casadacaldeira/config/core.php, line 4]
2011-12-16 10:46:41 Notice: Notice (8): Constant UPLOADS_PATH_NOTICIAS already defined in [/home/osmaralves/Work/sites/b3net/casadacaldeira/config/core.php, line 5]
2011-12-16 10:46:41 Notice: Notice (8): Constant UPLOADS_PATH_PRODUTOS already defined in [/home/osmaralves/Work/sites/b3net/casadacaldeira/config/core.php, line 6]
2011-12-16 10:46:41 Notice: Notice (8): Constant UPLOADS_PATH_NOTICIAS already defined in [/home/osmaralves/Work/sites/b3net/casadacaldeira/config/core.php, line 5]
2011-12-16 10:46:41 Notice: Notice (8): Constant UPLOADS_PATH_PRODUTOS already defined in [/home/osmaralves/Work/sites/b3net/casadacaldeira/config/core.php, line 6]
2011-12-16 10:46:41 Notice: Notice (8): Constant UPLOADS_PATH_PROP_VAR already defined in [/home/osmaralves/Work/sites/b3net/casadacaldeira/config/core.php, line 7]
2011-12-16 10:46:41 Notice: Notice (8): Constant UPLOADS_PATH_PROP_VAR already defined in [/home/osmaralves/Work/sites/b3net/casadacaldeira/config/core.php, line 7]
2011-12-16 10:46:41 Notice: Notice (8): Constant UPLOADS_PATH_MARCAS already defined in [/home/osmaralves/Work/sites/b3net/casadacaldeira/config/core.php, line 4]
2011-12-16 10:46:41 Notice: Notice (8): Constant UPLOADS_PATH_NOTICIAS already defined in [/home/osmaralves/Work/sites/b3net/casadacaldeira/config/core.php, line 5]
2011-12-16 10:46:41 Notice: Notice (8): Constant UPLOADS_PATH_PRODUTOS already defined in [/home/osmaralves/Work/sites/b3net/casadacaldeira/config/core.php, line 6]
2011-12-16 10:46:41 Notice: Notice (8): Constant UPLOADS_PATH_PROP_VAR already defined in [/home/osmaralves/Work/sites/b3net/casadacaldeira/config/core.php, line 7]
2011-12-16 10:46:41 Notice: Notice (8): Constant UPLOADS_PATH_MARCAS already defined in [/home/osmaralves/Work/sites/b3net/casadacaldeira/config/core.php, line 4]
2011-12-16 10:46:41 Notice: Notice (8): Constant UPLOADS_PATH_NOTICIAS already defined in [/home/osmaralves/Work/sites/b3net/casadacaldeira/config/core.php, line 5]
2011-12-16 10:46:41 Notice: Notice (8): Constant UPLOADS_PATH_PRODUTOS already defined in [/home/osmaralves/Work/sites/b3net/casadacaldeira/config/core.php, line 6]
2011-12-16 10:46:41 Notice: Notice (8): Constant UPLOADS_PATH_MARCAS already defined in [/home/osmaralves/Work/sites/b3net/casadacaldeira/config/core.php, line 4]
2011-12-16 10:46:41 Notice: Notice (8): Constant UPLOADS_PATH_MARCAS already defined in [/home/osmaralves/Work/sites/b3net/casadacaldeira/config/core.php, line 4]
2011-12-16 10:46:41 Notice: Notice (8): Constant UPLOADS_PATH_PROP_VAR already defined in [/home/osmaralves/Work/sites/b3net/casadacaldeira/config/core.php, line 7]
2011-12-16 10:46:41 Notice: Notice (8): Constant UPLOADS_PATH_NOTICIAS already defined in [/home/osmaralves/Work/sites/b3net/casadacaldeira/config/core.php, line 5]
2011-12-16 10:46:41 Notice: Notice (8): Constant UPLOADS_PATH_NOTICIAS already defined in [/home/osmaralves/Work/sites/b3net/casadacaldeira/config/core.php, line 5]
2011-12-16 10:46:41 Notice: Notice (8): Constant UPLOADS_PATH_PRODUTOS already defined in [/home/osmaralves/Work/sites/b3net/casadacaldeira/config/core.php, line 6]
2011-12-16 10:46:41 Notice: Notice (8): Constant UPLOADS_PATH_PRODUTOS already defined in [/home/osmaralves/Work/sites/b3net/casadacaldeira/config/core.php, line 6]
2011-12-16 10:46:41 Notice: Notice (8): Constant UPLOADS_PATH_PROP_VAR already defined in [/home/osmaralves/Work/sites/b3net/casadacaldeira/config/core.php, line 7]
2011-12-16 10:46:41 Notice: Notice (8): Constant UPLOADS_PATH_PROP_VAR already defined in [/home/osmaralves/Work/sites/b3net/casadacaldeira/config/core.php, line 7]
2011-12-16 10:46:42 Notice: Notice (8): Constant UPLOADS_PATH_MARCAS already defined in [/home/osmaralves/Work/sites/b3net/casadacaldeira/config/core.php, line 4]
2011-12-16 10:46:42 Notice: Notice (8): Constant UPLOADS_PATH_NOTICIAS already defined in [/home/osmaralves/Work/sites/b3net/casadacaldeira/config/core.php, line 5]
2011-12-16 10:46:42 Notice: Notice (8): Constant UPLOADS_PATH_PRODUTOS already defined in [/home/osmaralves/Work/sites/b3net/casadacaldeira/config/core.php, line 6]
2011-12-16 10:46:42 Notice: Notice (8): Constant UPLOADS_PATH_PROP_VAR already defined in [/home/osmaralves/Work/sites/b3net/casadacaldeira/config/core.php, line 7]
2011-12-16 10:46:42 Notice: Notice (8): Constant UPLOADS_PATH_MARCAS already defined in [/home/osmaralves/Work/sites/b3net/casadacaldeira/config/core.php, line 4]
2011-12-16 10:46:42 Notice: Notice (8): Constant UPLOADS_PATH_NOTICIAS already defined in [/home/osmaralves/Work/sites/b3net/casadacaldeira/config/core.php, line 5]
2011-12-16 10:46:42 Notice: Notice (8): Constant UPLOADS_PATH_PRODUTOS already defined in [/home/osmaralves/Work/sites/b3net/casadacaldeira/config/core.php, line 6]
2011-12-16 10:46:42 Notice: Notice (8): Constant UPLOADS_PATH_PROP_VAR already defined in [/home/osmaralves/Work/sites/b3net/casadacaldeira/config/core.php, line 7]
2011-12-16 10:46:42 Notice: Notice (8): Constant UPLOADS_PATH_MARCAS already defined in [/home/osmaralves/Work/sites/b3net/casadacaldeira/config/core.php, line 4]
2011-12-16 10:46:42 Notice: Notice (8): Constant UPLOADS_PATH_NOTICIAS already defined in [/home/osmaralves/Work/sites/b3net/casadacaldeira/config/core.php, line 5]
2011-12-16 10:46:42 Notice: Notice (8): Constant UPLOADS_PATH_PRODUTOS already defined in [/home/osmaralves/Work/sites/b3net/casadacaldeira/config/core.php, line 6]
2011-12-16 10:46:42 Notice: Notice (8): Constant UPLOADS_PATH_PROP_VAR already defined in [/home/osmaralves/Work/sites/b3net/casadacaldeira/config/core.php, line 7]
2011-12-16 10:46:42 Notice: Notice (8): Constant UPLOADS_PATH_MARCAS already defined in [/home/osmaralves/Work/sites/b3net/casadacaldeira/config/core.php, line 4]
2011-12-16 10:46:42 Notice: Notice (8): Constant UPLOADS_PATH_NOTICIAS already defined in [/home/osmaralves/Work/sites/b3net/casadacaldeira/config/core.php, line 5]
2011-12-16 10:46:42 Notice: Notice (8): Constant UPLOADS_PATH_PRODUTOS already defined in [/home/osmaralves/Work/sites/b3net/casadacaldeira/config/core.php, line 6]
2011-12-16 10:46:42 Notice: Notice (8): Constant UPLOADS_PATH_PROP_VAR already defined in [/home/osmaralves/Work/sites/b3net/casadacaldeira/config/core.php, line 7]
2011-12-16 10:46:42 Notice: Notice (8): Constant UPLOADS_PATH_MARCAS already defined in [/home/osmaralves/Work/sites/b3net/casadacaldeira/config/core.php, line 4]
2011-12-16 10:46:42 Notice: Notice (8): Constant UPLOADS_PATH_NOTICIAS already defined in [/home/osmaralves/Work/sites/b3net/casadacaldeira/config/core.php, line 5]
2011-12-16 10:46:42 Notice: Notice (8): Constant UPLOADS_PATH_PRODUTOS already defined in [/home/osmaralves/Work/sites/b3net/casadacaldeira/config/core.php, line 6]
2011-12-16 10:46:42 Notice: Notice (8): Constant UPLOADS_PATH_PROP_VAR already defined in [/home/osmaralves/Work/sites/b3net/casadacaldeira/config/core.php, line 7]
2011-12-16 15:41:34 Notice: Notice (8): session_start() [http://php.net/function.session-start]: ps_files_cleanup_dir: opendir(/var/lib/php5) failed: Permission denied (13) in [/home/osmaralves/Work/sites/b3net/casadacaldeira/admin/core/cake/libs/cake_session.php, line 587]
2011-12-16 15:53:24 Notice: Notice (8): session_start() [http://php.net/function.session-start]: ps_files_cleanup_dir: opendir(/var/lib/php5) failed: Permission denied (13) in [/home/osmaralves/Work/sites/b3net/casadacaldeira/admin/core/cake/libs/cake_session.php, line 587]
2011-12-16 16:04:06 Notice: Notice (8): session_start() [http://php.net/function.session-start]: ps_files_cleanup_dir: opendir(/var/lib/php5) failed: Permission denied (13) in [/home/osmaralves/Work/sites/b3net/casadacaldeira/admin/core/cake/libs/cake_session.php, line 587]
2011-12-16 16:07:37 Notice: Notice (8): session_start() [http://php.net/function.session-start]: ps_files_cleanup_dir: opendir(/var/lib/php5) failed: Permission denied (13) in [/home/osmaralves/Work/sites/b3net/casadacaldeira/admin/core/cake/libs/cake_session.php, line 587]
2011-12-16 16:34:57 Notice: Notice (8): session_start() [http://php.net/function.session-start]: ps_files_cleanup_dir: opendir(/var/lib/php5) failed: Permission denied (13) in [/home/osmaralves/Work/sites/b3net/casadacaldeira/admin/core/cake/libs/cake_session.php, line 587]
2011-12-16 16:37:11 Notice: Notice (8): session_start() [http://php.net/function.session-start]: ps_files_cleanup_dir: opendir(/var/lib/php5) failed: Permission denied (13) in [/home/osmaralves/Work/sites/b3net/casadacaldeira/admin/core/cake/libs/cake_session.php, line 587]
2011-12-16 16:51:21 Notice: Notice (8): unserialize() [http://php.net/function.unserialize]: Error at offset 8150 of 8181 bytes in [/home/osmaralves/Work/sites/b3net/casadacaldeira/admin/core/cake/libs/cache/file.php, line 176]
2011-12-19 10:13:38 Notice: Notice (8): session_start() [http://php.net/function.session-start]: ps_files_cleanup_dir: opendir(/var/lib/php5) failed: Permission denied (13) in [/home/osmaralves/Work/sites/b3net/casadacaldeira/admin/core/cake/libs/cake_session.php, line 587]
2011-12-19 13:58:00 Notice: Notice (8): session_start() [http://php.net/function.session-start]: ps_files_cleanup_dir: opendir(/var/lib/php5) failed: Permission denied (13) in [/home/osmaralves/Work/sites/b3net/casadacaldeira/app_controller.php, line 35]
2012-01-23 17:17:04 Notice: Notice (8): Undefined property:  stdClass::$tipos_opcoes in [/srv/ftp/casadacaldeira/public_html/novo/views/produtos/visualizar.ctp, line 95]
2012-01-23 17:17:04 Notice: Notice (8): Trying to get property of non-object in [/srv/ftp/casadacaldeira/public_html/novo/views/produtos/visualizar.ctp, line 96]
2012-01-23 17:26:59 Notice: Notice (8): Undefined property:  stdClass::$tipos_opcoes in [/srv/ftp/casadacaldeira/public_html/novo/views/produtos/visualizar.ctp, line 95]
2012-01-23 17:26:59 Notice: Notice (8): Trying to get property of non-object in [/srv/ftp/casadacaldeira/public_html/novo/views/produtos/visualizar.ctp, line 96]
2012-01-23 17:27:51 Notice: Notice (8): Undefined property:  stdClass::$tipos_opcoes in [/srv/ftp/casadacaldeira/public_html/novo/views/produtos/visualizar.ctp, line 95]
2012-01-23 17:27:51 Notice: Notice (8): Trying to get property of non-object in [/srv/ftp/casadacaldeira/public_html/novo/views/produtos/visualizar.ctp, line 96]
2012-01-23 17:28:42 Notice: Notice (8): Undefined property:  stdClass::$tipos_opcoes in [/srv/ftp/casadacaldeira/public_html/novo/views/produtos/visualizar.ctp, line 95]
2012-01-23 17:28:42 Notice: Notice (8): Trying to get property of non-object in [/srv/ftp/casadacaldeira/public_html/novo/views/produtos/visualizar.ctp, line 96]
2012-01-23 17:34:54 Notice: Notice (8): Undefined property:  stdClass::$tipos_opcoes in [/srv/ftp/casadacaldeira/public_html/novo/views/produtos/visualizar.ctp, line 95]
2012-01-23 17:34:54 Notice: Notice (8): Trying to get property of non-object in [/srv/ftp/casadacaldeira/public_html/novo/views/produtos/visualizar.ctp, line 96]
2012-01-23 17:39:07 Notice: Notice (8): Undefined property:  stdClass::$tipos_opcoes in [/srv/ftp/casadacaldeira/public_html/novo/views/produtos/visualizar.ctp, line 95]
2012-01-23 17:39:07 Notice: Notice (8): Trying to get property of non-object in [/srv/ftp/casadacaldeira/public_html/novo/views/produtos/visualizar.ctp, line 96]
2012-01-23 17:39:38 Notice: Notice (8): Undefined property:  stdClass::$tipos_opcoes in [/srv/ftp/casadacaldeira/public_html/novo/views/produtos/visualizar.ctp, line 95]
2012-01-23 17:39:38 Notice: Notice (8): Trying to get property of non-object in [/srv/ftp/casadacaldeira/public_html/novo/views/produtos/visualizar.ctp, line 96]
2012-01-23 17:40:18 Notice: Notice (8): Undefined property:  stdClass::$tipos_opcoes in [/srv/ftp/casadacaldeira/public_html/novo/views/produtos/visualizar.ctp, line 95]
2012-01-23 17:40:18 Notice: Notice (8): Trying to get property of non-object in [/srv/ftp/casadacaldeira/public_html/novo/views/produtos/visualizar.ctp, line 96]
2012-01-23 17:42:35 Notice: Notice (8): Trying to get property of non-object in [/srv/ftp/casadacaldeira/public_html/novo/views/produtos/visualizar.ctp, line 141]
2012-01-23 17:43:33 Notice: Notice (8): Undefined property:  stdClass::$tipos_opcoes in [/srv/ftp/casadacaldeira/public_html/novo/views/produtos/visualizar.ctp, line 95]
2012-01-23 17:43:33 Notice: Notice (8): Trying to get property of non-object in [/srv/ftp/casadacaldeira/public_html/novo/views/produtos/visualizar.ctp, line 96]
2012-01-23 17:44:09 Notice: Notice (8): Undefined property:  stdClass::$tipos_opcoes in [/srv/ftp/casadacaldeira/public_html/novo/views/produtos/visualizar.ctp, line 95]
2012-01-23 17:44:09 Notice: Notice (8): Trying to get property of non-object in [/srv/ftp/casadacaldeira/public_html/novo/views/produtos/visualizar.ctp, line 96]
2012-01-23 17:44:21 Notice: Notice (8): Undefined property:  stdClass::$tipos_opcoes in [/srv/ftp/casadacaldeira/public_html/novo/views/produtos/visualizar.ctp, line 95]
2012-01-23 17:44:21 Notice: Notice (8): Trying to get property of non-object in [/srv/ftp/casadacaldeira/public_html/novo/views/produtos/visualizar.ctp, line 96]
2012-01-24 08:23:48 Notice: Notice (8): Undefined property:  stdClass::$tipos_opcoes in [/srv/ftp/casadacaldeira/public_html/novo/views/produtos/visualizar.ctp, line 95]
2012-01-24 08:23:48 Notice: Notice (8): Trying to get property of non-object in [/srv/ftp/casadacaldeira/public_html/novo/views/produtos/visualizar.ctp, line 96]
2012-01-24 08:38:38 Notice: Notice (8): Undefined property:  stdClass::$tipos_opcoes in [/srv/ftp/casadacaldeira/public_html/novo/views/produtos/visualizar.ctp, line 95]
2012-01-24 08:38:38 Notice: Notice (8): Trying to get property of non-object in [/srv/ftp/casadacaldeira/public_html/novo/views/produtos/visualizar.ctp, line 96]
2012-01-24 08:41:48 Notice: Notice (8): Undefined property:  stdClass::$tipos_opcoes in [/srv/ftp/casadacaldeira/public_html/novo/views/produtos/visualizar.ctp, line 95]
2012-01-24 08:41:48 Notice: Notice (8): Trying to get property of non-object in [/srv/ftp/casadacaldeira/public_html/novo/views/produtos/visualizar.ctp, line 96]
2012-01-24 08:43:57 Notice: Notice (8): Undefined property:  stdClass::$tipos_opcoes in [/srv/ftp/casadacaldeira/public_html/novo/views/produtos/visualizar.ctp, line 95]
2012-01-24 08:43:57 Notice: Notice (8): Trying to get property of non-object in [/srv/ftp/casadacaldeira/public_html/novo/views/produtos/visualizar.ctp, line 96]
2012-01-24 08:46:25 Notice: Notice (8): Undefined property:  stdClass::$tipos_opcoes in [/srv/ftp/casadacaldeira/public_html/novo/views/produtos/visualizar.ctp, line 95]
2012-01-24 08:46:25 Notice: Notice (8): Trying to get property of non-object in [/srv/ftp/casadacaldeira/public_html/novo/views/produtos/visualizar.ctp, line 96]
2012-01-24 08:48:54 Notice: Notice (8): Undefined property:  stdClass::$tipos_opcoes in [/srv/ftp/casadacaldeira/public_html/novo/views/produtos/visualizar.ctp, line 95]
2012-01-24 08:48:54 Notice: Notice (8): Trying to get property of non-object in [/srv/ftp/casadacaldeira/public_html/novo/views/produtos/visualizar.ctp, line 96]
2012-01-24 08:51:11 Notice: Notice (8): Undefined property:  stdClass::$tipos_opcoes in [/srv/ftp/casadacaldeira/public_html/novo/views/produtos/visualizar.ctp, line 95]
2012-01-24 08:51:11 Notice: Notice (8): Trying to get property of non-object in [/srv/ftp/casadacaldeira/public_html/novo/views/produtos/visualizar.ctp, line 96]
2012-01-24 08:51:24 Notice: Notice (8): Undefined property:  stdClass::$tipos_opcoes in [/srv/ftp/casadacaldeira/public_html/novo/views/produtos/visualizar.ctp, line 95]
2012-01-24 08:51:24 Notice: Notice (8): Trying to get property of non-object in [/srv/ftp/casadacaldeira/public_html/novo/views/produtos/visualizar.ctp, line 96]
2012-01-24 08:52:08 Notice: Notice (8): Undefined property:  stdClass::$tipos_opcoes in [/srv/ftp/casadacaldeira/public_html/novo/views/produtos/visualizar.ctp, line 95]
2012-01-24 08:52:08 Notice: Notice (8): Trying to get property of non-object in [/srv/ftp/casadacaldeira/public_html/novo/views/produtos/visualizar.ctp, line 96]
2012-01-24 08:52:50 Notice: Notice (8): Undefined property:  stdClass::$tipos_opcoes in [/srv/ftp/casadacaldeira/public_html/novo/views/produtos/visualizar.ctp, line 95]
2012-01-24 08:52:50 Notice: Notice (8): Trying to get property of non-object in [/srv/ftp/casadacaldeira/public_html/novo/views/produtos/visualizar.ctp, line 96]
2012-01-24 08:57:15 Notice: Notice (8): Undefined property:  stdClass::$tipos_opcoes in [/srv/ftp/casadacaldeira/public_html/novo/views/produtos/visualizar.ctp, line 95]
2012-01-24 08:57:15 Notice: Notice (8): Trying to get property of non-object in [/srv/ftp/casadacaldeira/public_html/novo/views/produtos/visualizar.ctp, line 96]
2012-01-24 08:58:03 Notice: Notice (8): Undefined property:  stdClass::$tipos_opcoes in [/srv/ftp/casadacaldeira/public_html/novo/views/produtos/visualizar.ctp, line 95]
2012-01-24 08:58:03 Notice: Notice (8): Trying to get property of non-object in [/srv/ftp/casadacaldeira/public_html/novo/views/produtos/visualizar.ctp, line 96]
2012-01-24 08:58:48 Notice: Notice (8): Undefined property:  stdClass::$tipos_opcoes in [/srv/ftp/casadacaldeira/public_html/novo/views/produtos/visualizar.ctp, line 95]
2012-01-24 08:58:48 Notice: Notice (8): Trying to get property of non-object in [/srv/ftp/casadacaldeira/public_html/novo/views/produtos/visualizar.ctp, line 96]
2012-01-24 08:59:07 Notice: Notice (8): Undefined property:  stdClass::$tipos_opcoes in [/srv/ftp/casadacaldeira/public_html/novo/views/produtos/visualizar.ctp, line 95]
2012-01-24 08:59:07 Notice: Notice (8): Trying to get property of non-object in [/srv/ftp/casadacaldeira/public_html/novo/views/produtos/visualizar.ctp, line 96]
2012-01-24 09:01:20 Notice: Notice (8): Undefined property:  stdClass::$tipos_opcoes in [/srv/ftp/casadacaldeira/public_html/novo/views/produtos/visualizar.ctp, line 95]
2012-01-24 09:01:20 Notice: Notice (8): Trying to get property of non-object in [/srv/ftp/casadacaldeira/public_html/novo/views/produtos/visualizar.ctp, line 96]
2012-01-24 09:02:37 Notice: Notice (8): Undefined property:  stdClass::$tipos_opcoes in [/srv/ftp/casadacaldeira/public_html/novo/views/produtos/visualizar.ctp, line 95]
2012-01-24 09:02:37 Notice: Notice (8): Trying to get property of non-object in [/srv/ftp/casadacaldeira/public_html/novo/views/produtos/visualizar.ctp, line 96]
2012-01-24 09:03:05 Notice: Notice (8): Undefined property:  stdClass::$tipos_opcoes in [/srv/ftp/casadacaldeira/public_html/novo/views/produtos/visualizar.ctp, line 95]
2012-01-24 09:03:05 Notice: Notice (8): Trying to get property of non-object in [/srv/ftp/casadacaldeira/public_html/novo/views/produtos/visualizar.ctp, line 96]
2012-01-24 09:05:55 Notice: Notice (8): Undefined property:  stdClass::$tipos_opcoes in [/srv/ftp/casadacaldeira/public_html/novo/views/produtos/visualizar.ctp, line 95]
2012-01-24 09:05:55 Notice: Notice (8): Trying to get property of non-object in [/srv/ftp/casadacaldeira/public_html/novo/views/produtos/visualizar.ctp, line 96]
2012-01-24 09:06:15 Notice: Notice (8): Undefined property:  stdClass::$tipos_opcoes in [/srv/ftp/casadacaldeira/public_html/novo/views/produtos/visualizar.ctp, line 95]
2012-01-24 09:06:15 Notice: Notice (8): Trying to get property of non-object in [/srv/ftp/casadacaldeira/public_html/novo/views/produtos/visualizar.ctp, line 96]
2012-01-24 09:14:04 Notice: Notice (8): Undefined property:  stdClass::$tipos_opcoes in [/srv/ftp/casadacaldeira/public_html/novo/views/produtos/visualizar.ctp, line 95]
2012-01-24 09:14:04 Notice: Notice (8): Trying to get property of non-object in [/srv/ftp/casadacaldeira/public_html/novo/views/produtos/visualizar.ctp, line 96]
2012-01-24 09:14:43 Notice: Notice (8): Undefined property:  stdClass::$tipos_opcoes in [/srv/ftp/casadacaldeira/public_html/novo/views/produtos/visualizar.ctp, line 95]
2012-01-24 09:14:43 Notice: Notice (8): Trying to get property of non-object in [/srv/ftp/casadacaldeira/public_html/novo/views/produtos/visualizar.ctp, line 96]
2012-01-24 09:18:15 Notice: Notice (8): Undefined property:  stdClass::$tipos_opcoes in [/srv/ftp/casadacaldeira/public_html/novo/views/produtos/visualizar.ctp, line 95]
2012-01-24 09:18:15 Notice: Notice (8): Trying to get property of non-object in [/srv/ftp/casadacaldeira/public_html/novo/views/produtos/visualizar.ctp, line 96]
2012-01-24 09:18:31 Notice: Notice (8): Undefined property:  stdClass::$tipos_opcoes in [/srv/ftp/casadacaldeira/public_html/novo/views/produtos/visualizar.ctp, line 95]
2012-01-24 09:18:31 Notice: Notice (8): Trying to get property of non-object in [/srv/ftp/casadacaldeira/public_html/novo/views/produtos/visualizar.ctp, line 96]
2012-01-24 09:19:11 Notice: Notice (8): Undefined property:  stdClass::$tipos_opcoes in [/srv/ftp/casadacaldeira/public_html/novo/views/produtos/visualizar.ctp, line 95]
2012-01-24 09:19:11 Notice: Notice (8): Trying to get property of non-object in [/srv/ftp/casadacaldeira/public_html/novo/views/produtos/visualizar.ctp, line 96]
2012-01-24 09:20:06 Notice: Notice (8): Undefined property:  stdClass::$tipos_opcoes in [/srv/ftp/casadacaldeira/public_html/novo/views/produtos/visualizar.ctp, line 95]
2012-01-24 09:20:06 Notice: Notice (8): Trying to get property of non-object in [/srv/ftp/casadacaldeira/public_html/novo/views/produtos/visualizar.ctp, line 96]
2012-01-24 09:22:08 Notice: Notice (8): Undefined property:  stdClass::$tipos_opcoes in [/srv/ftp/casadacaldeira/public_html/novo/views/produtos/visualizar.ctp, line 95]
2012-01-24 09:22:08 Notice: Notice (8): Trying to get property of non-object in [/srv/ftp/casadacaldeira/public_html/novo/views/produtos/visualizar.ctp, line 96]
2012-01-24 09:22:36 Notice: Notice (8): Undefined property:  stdClass::$tipos_opcoes in [/srv/ftp/casadacaldeira/public_html/novo/views/produtos/visualizar.ctp, line 95]
2012-01-24 09:22:36 Notice: Notice (8): Trying to get property of non-object in [/srv/ftp/casadacaldeira/public_html/novo/views/produtos/visualizar.ctp, line 96]
2012-01-24 09:23:24 Notice: Notice (8): Undefined property:  stdClass::$tipos_opcoes in [/srv/ftp/casadacaldeira/public_html/novo/views/produtos/visualizar.ctp, line 95]
2012-01-24 09:23:24 Notice: Notice (8): Trying to get property of non-object in [/srv/ftp/casadacaldeira/public_html/novo/views/produtos/visualizar.ctp, line 96]
2012-01-24 09:24:00 Notice: Notice (8): Undefined property:  stdClass::$tipos_opcoes in [/srv/ftp/casadacaldeira/public_html/novo/views/produtos/visualizar.ctp, line 95]
2012-01-24 09:24:00 Notice: Notice (8): Trying to get property of non-object in [/srv/ftp/casadacaldeira/public_html/novo/views/produtos/visualizar.ctp, line 96]
2012-01-24 09:29:53 Notice: Notice (8): Undefined property:  stdClass::$tipos_opcoes in [/srv/ftp/casadacaldeira/public_html/novo/views/produtos/visualizar.ctp, line 95]
2012-01-24 09:29:53 Notice: Notice (8): Trying to get property of non-object in [/srv/ftp/casadacaldeira/public_html/novo/views/produtos/visualizar.ctp, line 96]
2012-01-24 09:30:00 Notice: Notice (8): Undefined property:  stdClass::$tipos_opcoes in [/srv/ftp/casadacaldeira/public_html/novo/views/produtos/visualizar.ctp, line 95]
2012-01-24 09:30:00 Notice: Notice (8): Trying to get property of non-object in [/srv/ftp/casadacaldeira/public_html/novo/views/produtos/visualizar.ctp, line 96]
2012-01-24 09:30:30 Notice: Notice (8): Undefined property:  stdClass::$tipos_opcoes in [/srv/ftp/casadacaldeira/public_html/novo/views/produtos/visualizar.ctp, line 95]
2012-01-24 09:30:30 Notice: Notice (8): Trying to get property of non-object in [/srv/ftp/casadacaldeira/public_html/novo/views/produtos/visualizar.ctp, line 96]
2012-01-24 09:30:35 Notice: Notice (8): Undefined property:  stdClass::$tipos_opcoes in [/srv/ftp/casadacaldeira/public_html/novo/views/produtos/visualizar.ctp, line 95]
2012-01-24 09:30:35 Notice: Notice (8): Trying to get property of non-object in [/srv/ftp/casadacaldeira/public_html/novo/views/produtos/visualizar.ctp, line 96]
2012-01-24 09:31:53 Notice: Notice (8): Undefined property:  stdClass::$tipos_opcoes in [/srv/ftp/casadacaldeira/public_html/novo/views/produtos/visualizar.ctp, line 95]
2012-01-24 09:31:53 Notice: Notice (8): Trying to get property of non-object in [/srv/ftp/casadacaldeira/public_html/novo/views/produtos/visualizar.ctp, line 96]
2012-01-24 09:33:23 Notice: Notice (8): Undefined property:  stdClass::$tipos_opcoes in [/srv/ftp/casadacaldeira/public_html/novo/views/produtos/visualizar.ctp, line 95]
2012-01-24 09:33:23 Notice: Notice (8): Trying to get property of non-object in [/srv/ftp/casadacaldeira/public_html/novo/views/produtos/visualizar.ctp, line 96]
2012-01-24 09:36:35 Notice: Notice (8): Undefined property:  stdClass::$tipos_opcoes in [/srv/ftp/casadacaldeira/public_html/novo/views/produtos/visualizar.ctp, line 95]
2012-01-24 09:36:35 Notice: Notice (8): Trying to get property of non-object in [/srv/ftp/casadacaldeira/public_html/novo/views/produtos/visualizar.ctp, line 96]
2012-01-24 09:39:21 Notice: Notice (8): Undefined property:  stdClass::$tipos_opcoes in [/srv/ftp/casadacaldeira/public_html/novo/views/produtos/visualizar.ctp, line 95]
2012-01-24 09:39:21 Notice: Notice (8): Trying to get property of non-object in [/srv/ftp/casadacaldeira/public_html/novo/views/produtos/visualizar.ctp, line 96]
2012-01-24 09:39:52 Notice: Notice (8): Undefined property:  stdClass::$tipos_opcoes in [/srv/ftp/casadacaldeira/public_html/novo/views/produtos/visualizar.ctp, line 95]
2012-01-24 09:39:52 Notice: Notice (8): Trying to get property of non-object in [/srv/ftp/casadacaldeira/public_html/novo/views/produtos/visualizar.ctp, line 96]
2012-01-24 09:40:04 Notice: Notice (8): Undefined variable: opcao in [/srv/ftp/casadacaldeira/public_html/novo/admin/models/variacao.php, line 83]
2012-01-24 09:40:04 Notice: Notice (8): Undefined variable: opcao in [/srv/ftp/casadacaldeira/public_html/novo/admin/models/variacao.php, line 84]
2012-01-24 09:40:04 Notice: Notice (8): Undefined property:  stdClass::$opcao in [/srv/ftp/casadacaldeira/public_html/novo/views/produtos/visualizar.ctp, line 96]
2012-01-24 09:40:04 Notice: Notice (8): Trying to get property of non-object in [/srv/ftp/casadacaldeira/public_html/novo/views/produtos/visualizar.ctp, line 96]
2012-01-24 09:40:53 Notice: Notice (8): Undefined variable: opcaotest in [/srv/ftp/casadacaldeira/public_html/novo/admin/models/variacao.php, line 74]
